<?xml version="1.0" encoding="UTF-8"?>
<testsuite name="in.ravikalla.cloudBank.BDDTest" time="0.208" tests="104" errors="0" skipped="0" failures="0">
  <properties>
    <property name="java.runtime.name" value="Java(TM) SE Runtime Environment"/>
    <property name="sun.boot.library.path" value="/usr/lib/jvm/java-8-oracle/jre/lib/amd64"/>
    <property name="java.vm.version" value="25.151-b12"/>
    <property name="java.vm.vendor" value="Oracle Corporation"/>
    <property name="maven.multiModuleProjectDirectory" value="/home/travis/build/ravikalla/online-bank"/>
    <property name="java.vendor.url" value="http://java.oracle.com/"/>
    <property name="path.separator" value=":"/>
    <property name="guice.disable.misplaced.annotation.check" value="true"/>
    <property name="java.vm.name" value="Java HotSpot(TM) 64-Bit Server VM"/>
    <property name="file.encoding.pkg" value="sun.io"/>
    <property name="user.country" value="US"/>
    <property name="sun.java.launcher" value="SUN_STANDARD"/>
    <property name="sun.os.patch.level" value="unknown"/>
    <property name="java.vm.specification.name" value="Java Virtual Machine Specification"/>
    <property name="user.dir" value="/home/travis/build/ravikalla/online-bank"/>
    <property name="java.runtime.version" value="1.8.0_151-b12"/>
    <property name="java.awt.graphicsenv" value="sun.awt.X11GraphicsEnvironment"/>
    <property name="java.endorsed.dirs" value="/usr/lib/jvm/java-8-oracle/jre/lib/endorsed"/>
    <property name="os.arch" value="amd64"/>
    <property name="java.io.tmpdir" value="/tmp"/>
    <property name="line.separator" value="&#10;"/>
    <property name="java.vm.specification.vendor" value="Oracle Corporation"/>
    <property name="os.name" value="Linux"/>
    <property name="classworlds.conf" value="/usr/local/maven-3.5.2/bin/m2.conf"/>
    <property name="sun.jnu.encoding" value="UTF-8"/>
    <property name="java.library.path" value="/usr/java/packages/lib/amd64:/usr/lib64:/lib64:/lib:/usr/lib"/>
    <property name="maven.conf" value="/usr/local/maven-3.5.2/conf"/>
    <property name="java.specification.name" value="Java Platform API Specification"/>
    <property name="java.class.version" value="52.0"/>
    <property name="sun.management.compiler" value="HotSpot 64-Bit Tiered Compilers"/>
    <property name="os.version" value="4.14.12-041412-generic"/>
    <property name="library.jansi.path" value="/usr/local/maven-3.5.2/lib/jansi-native"/>
    <property name="user.home" value="/home/travis"/>
    <property name="user.timezone" value="UTC"/>
    <property name="java.awt.printerjob" value="sun.print.PSPrinterJob"/>
    <property name="java.specification.version" value="1.8"/>
    <property name="file.encoding" value="UTF-8"/>
    <property name="user.name" value="travis"/>
    <property name="java.class.path" value="/usr/local/maven-3.5.2/boot/plexus-classworlds-2.5.2.jar"/>
    <property name="java.vm.specification.version" value="1.8"/>
    <property name="sun.arch.data.model" value="64"/>
    <property name="java.home" value="/usr/lib/jvm/java-8-oracle/jre"/>
    <property name="sun.java.command" value="org.codehaus.plexus.classworlds.launcher.Launcher clean install"/>
    <property name="java.specification.vendor" value="Oracle Corporation"/>
    <property name="user.language" value="en"/>
    <property name="awt.toolkit" value="sun.awt.X11.XToolkit"/>
    <property name="java.vm.info" value="mixed mode"/>
    <property name="java.version" value="1.8.0_151"/>
    <property name="java.ext.dirs" value="/usr/lib/jvm/java-8-oracle/jre/lib/ext:/usr/java/packages/lib/ext"/>
    <property name="securerandom.source" value="file:/dev/./urandom"/>
    <property name="sun.boot.class.path" value="/usr/lib/jvm/java-8-oracle/jre/lib/resources.jar:/usr/lib/jvm/java-8-oracle/jre/lib/rt.jar:/usr/lib/jvm/java-8-oracle/jre/lib/sunrsasign.jar:/usr/lib/jvm/java-8-oracle/jre/lib/jsse.jar:/usr/lib/jvm/java-8-oracle/jre/lib/jce.jar:/usr/lib/jvm/java-8-oracle/jre/lib/charsets.jar:/usr/lib/jvm/java-8-oracle/jre/lib/jfr.jar:/usr/lib/jvm/java-8-oracle/jre/classes"/>
    <property name="java.vendor" value="Oracle Corporation"/>
    <property name="maven.home" value="/usr/local/maven-3.5.2"/>
    <property name="file.separator" value="/"/>
    <property name="java.vendor.url.bug" value="http://bugreport.sun.com/bugreport/"/>
    <property name="sun.cpu.endian" value="little"/>
    <property name="sun.io.unicode.encoding" value="UnicodeLittle"/>
    <property name="sun.cpu.isalist" value=""/>
  </properties>
  <testcase name="Given Common user logged in" classname="| 1700.00 | 1000 | 500 | 2200.00 |" time="0.002"/>
  <testcase name="And Initial balance in Checkings account is 1700.00" classname="| 1700.00 | 1000 | 500 | 2200.00 |" time="0"/>
  <testcase name="When Deposit money of 1000 dollars in CheckingsAccount" classname="| 1700.00 | 1000 | 500 | 2200.00 |" time="0"/>
  <testcase name="And Withdraw money of 500 dollars from CheckingsAccount" classname="| 1700.00 | 1000 | 500 | 2200.00 |" time="0"/>
  <testcase name="Then Check remaining amount 2200.00 dollars in CheckingsAccount" classname="| 1700.00 | 1000 | 500 | 2200.00 |" time="0"/>
  <testcase name="| 1700.00 | 1000 | 500 | 2200.00 |" classname="| 1700.00 | 1000 | 500 | 2200.00 |" time="0.003"/>
  <testcase name="Given Common user logged in" classname="| 2200.00 | 1000000 | 0 | 1002200.00 |" time="0"/>
  <testcase name="And Initial balance in Checkings account is 2200.00" classname="| 2200.00 | 1000000 | 0 | 1002200.00 |" time="0"/>
  <testcase name="When Deposit money of 1000000 dollars in CheckingsAccount" classname="| 2200.00 | 1000000 | 0 | 1002200.00 |" time="0.001"/>
  <testcase name="And Withdraw money of 0 dollars from CheckingsAccount" classname="| 2200.00 | 1000000 | 0 | 1002200.00 |" time="0.001"/>
  <testcase name="Then Check remaining amount 1002200.00 dollars in CheckingsAccount" classname="| 2200.00 | 1000000 | 0 | 1002200.00 |" time="0"/>
  <testcase name="| 2200.00 | 1000000 | 0 | 1002200.00 |" classname="| 2200.00 | 1000000 | 0 | 1002200.00 |" time="0.002"/>
  <testcase name="Given Common user logged in" classname="| 1002200.00 | 1000 | 5000 | 998200.00 |" time="0"/>
  <testcase name="And Initial balance in Checkings account is 1002200.00" classname="| 1002200.00 | 1000 | 5000 | 998200.00 |" time="0"/>
  <testcase name="When Deposit money of 1000 dollars in CheckingsAccount" classname="| 1002200.00 | 1000 | 5000 | 998200.00 |" time="0"/>
  <testcase name="And Withdraw money of 5000 dollars from CheckingsAccount" classname="| 1002200.00 | 1000 | 5000 | 998200.00 |" time="0"/>
  <testcase name="Then Check remaining amount 998200.00 dollars in CheckingsAccount" classname="| 1002200.00 | 1000 | 5000 | 998200.00 |" time="0"/>
  <testcase name="| 1002200.00 | 1000 | 5000 | 998200.00 |" classname="| 1002200.00 | 1000 | 5000 | 998200.00 |" time="0"/>
  <testcase name="Given Common user logged in" classname="| 998200.00 | 0 | 998200.00 | 0.00 |" time="0"/>
  <testcase name="And Initial balance in Checkings account is 998200.00" classname="| 998200.00 | 0 | 998200.00 | 0.00 |" time="0"/>
  <testcase name="When Deposit money of 0 dollars in CheckingsAccount" classname="| 998200.00 | 0 | 998200.00 | 0.00 |" time="0"/>
  <testcase name="And Withdraw money of 998200.00 dollars from CheckingsAccount" classname="| 998200.00 | 0 | 998200.00 | 0.00 |" time="0"/>
  <testcase name="Then Check remaining amount 0.00 dollars in CheckingsAccount" classname="| 998200.00 | 0 | 998200.00 | 0.00 |" time="0.001"/>
  <testcase name="| 998200.00 | 0 | 998200.00 | 0.00 |" classname="| 998200.00 | 0 | 998200.00 | 0.00 |" time="0.001"/>
  <testcase name="Given Common user logged in" classname="| 0.00 | 500 | -500.00 |" time="0"/>
  <testcase name="And Initial balance in Checkings account is 0.00" classname="| 0.00 | 500 | -500.00 |" time="0.015"/>
  <testcase name="And Withdraw money of 500 dollars from CheckingsAccount" classname="| 0.00 | 500 | -500.00 |" time="0"/>
  <testcase name="Then Check remaining amount -500.00 dollars in CheckingsAccount" classname="| 0.00 | 500 | -500.00 |" time="0"/>
  <testcase name="| 0.00 | 500 | -500.00 |" classname="| 0.00 | 500 | -500.00 |" time="0.016"/>
  <testcase name="| 0.00 | 500 | -500.00 |" classname="| 0.00 | 500 | -500.00 |" time="0.006"/>
  <testcase name="Given Common user logged in" classname="| -500.00 | 1000 | 500.00 | 0.00 |" time="0"/>
  <testcase name="And Initial balance in Checkings account is -500.00" classname="| -500.00 | 1000 | 500.00 | 0.00 |" time="0"/>
  <testcase name="When Deposit money of 1000 dollars in CheckingsAccount" classname="| -500.00 | 1000 | 500.00 | 0.00 |" time="0"/>
  <testcase name="Then Check remaining amount 500.00 dollars in CheckingsAccount" classname="| -500.00 | 1000 | 500.00 | 0.00 |" time="0.001"/>
  <testcase name="And Withdraw money of 0.00 dollars from CheckingsAccount" classname="| -500.00 | 1000 | 500.00 | 0.00 |" time="0"/>
  <testcase name="| -500.00 | 1000 | 500.00 | 0.00 |" classname="| -500.00 | 1000 | 500.00 | 0.00 |" time="0.026"/>
  <testcase name="| -500.00 | 1000 | 500.00 | 0.00 |" classname="| -500.00 | 1000 | 500.00 | 0.00 |" time="0.005"/>
  <testcase name="Given Common user logged in" classname="| 500.00 | 1000000000000000 | 1000000000000500.00 | 1000000000000500.00 |" time="0"/>
  <testcase name="And Initial balance in Checkings account is 500.00" classname="| 500.00 | 1000000000000000 | 1000000000000500.00 | 1000000000000500.00 |" time="0.004"/>
  <testcase name="When Deposit money of 1000000000000000 dollars in CheckingsAccount" classname="| 500.00 | 1000000000000000 | 1000000000000500.00 | 1000000000000500.00 |" time="0"/>
  <testcase name="Then Check remaining amount 1000000000000500.00 dollars in CheckingsAccount" classname="| 500.00 | 1000000000000000 | 1000000000000500.00 | 1000000000000500.00 |" time="0"/>
  <testcase name="And Withdraw money of 1000000000000500.00 dollars from CheckingsAccount" classname="| 500.00 | 1000000000000000 | 1000000000000500.00 | 1000000000000500.00 |" time="0.01"/>
  <testcase name="| 500.00 | 1000000000000000 | 1000000000000500.00 | 1000000000000500.00 |" classname="| 500.00 | 1000000000000000 | 1000000000000500.00 | 1000000000000500.00 |" time="0.013"/>
  <testcase name="| 500.00 | 1000000000000000 | 1000000000000500.00 | 1000000000000500.00 |" classname="| 500.00 | 1000000000000000 | 1000000000000500.00 | 1000000000000500.00 |" time="0.001"/>
  <testcase name="Given Common user logged in for Savings Account" classname="| 4250.00 | 1000 | 500 | 4750.00 |" time="0"/>
  <testcase name="And Initial balance in Savings account is 4250.00" classname="| 4250.00 | 1000 | 500 | 4750.00 |" time="0"/>
  <testcase name="When Deposit money of 1000 dollars in SavingsAccount" classname="| 4250.00 | 1000 | 500 | 4750.00 |" time="0"/>
  <testcase name="And Withdraw money of 500 dollars from SavingsAccount" classname="| 4250.00 | 1000 | 500 | 4750.00 |" time="0"/>
  <testcase name="Then Check remaining amount 4750.00 dollars in SavingsAccount" classname="| 4250.00 | 1000 | 500 | 4750.00 |" time="0"/>
  <testcase name="| 4250.00 | 1000 | 500 | 4750.00 |" classname="| 4250.00 | 1000 | 500 | 4750.00 |" time="0.005"/>
  <testcase name="Given Common user logged in for Savings Account" classname="| 4750.00 | 1000000 | 0 | 1004750.00 |" time="0"/>
  <testcase name="And Initial balance in Savings account is 4750.00" classname="| 4750.00 | 1000000 | 0 | 1004750.00 |" time="0.001"/>
  <testcase name="When Deposit money of 1000000 dollars in SavingsAccount" classname="| 4750.00 | 1000000 | 0 | 1004750.00 |" time="0.001"/>
  <testcase name="And Withdraw money of 0 dollars from SavingsAccount" classname="| 4750.00 | 1000000 | 0 | 1004750.00 |" time="0"/>
  <testcase name="Then Check remaining amount 1004750.00 dollars in SavingsAccount" classname="| 4750.00 | 1000000 | 0 | 1004750.00 |" time="0"/>
  <testcase name="| 4750.00 | 1000000 | 0 | 1004750.00 |" classname="| 4750.00 | 1000000 | 0 | 1004750.00 |" time="0.002"/>
  <testcase name="Given Common user logged in for Savings Account" classname="| 1004750.00 | 1000 | 5000 | 1000750.00 |" time="0"/>
  <testcase name="And Initial balance in Savings account is 1004750.00" classname="| 1004750.00 | 1000 | 5000 | 1000750.00 |" time="0"/>
  <testcase name="When Deposit money of 1000 dollars in SavingsAccount" classname="| 1004750.00 | 1000 | 5000 | 1000750.00 |" time="0"/>
  <testcase name="And Withdraw money of 5000 dollars from SavingsAccount" classname="| 1004750.00 | 1000 | 5000 | 1000750.00 |" time="0"/>
  <testcase name="Then Check remaining amount 1000750.00 dollars in SavingsAccount" classname="| 1004750.00 | 1000 | 5000 | 1000750.00 |" time="0.01"/>
  <testcase name="| 1004750.00 | 1000 | 5000 | 1000750.00 |" classname="| 1004750.00 | 1000 | 5000 | 1000750.00 |" time="0.011"/>
  <testcase name="Given Common user logged in for Savings Account" classname="| 1000750.00 | 0 | 1000750.00 | 0.00 |" time="0.009"/>
  <testcase name="And Initial balance in Savings account is 1000750.00" classname="| 1000750.00 | 0 | 1000750.00 | 0.00 |" time="0.007"/>
  <testcase name="When Deposit money of 0 dollars in SavingsAccount" classname="| 1000750.00 | 0 | 1000750.00 | 0.00 |" time="0"/>
  <testcase name="And Withdraw money of 1000750.00 dollars from SavingsAccount" classname="| 1000750.00 | 0 | 1000750.00 | 0.00 |" time="0"/>
  <testcase name="Then Check remaining amount 0.00 dollars in SavingsAccount" classname="| 1000750.00 | 0 | 1000750.00 | 0.00 |" time="0.001"/>
  <testcase name="| 1000750.00 | 0 | 1000750.00 | 0.00 |" classname="| 1000750.00 | 0 | 1000750.00 | 0.00 |" time="0.002"/>
  <testcase name="Given Common user logged in for Savings Account" classname="| 0.00 | 500 | -500.00 |" time="0"/>
  <testcase name="And Initial balance in Savings account is 0.00" classname="| 0.00 | 500 | -500.00 |" time="0.015"/>
  <testcase name="And Withdraw money of 500 dollars from SavingsAccount" classname="| 0.00 | 500 | -500.00 |" time="0"/>
  <testcase name="Then Check remaining amount -500.00 dollars in SavingsAccount" classname="| 0.00 | 500 | -500.00 |" time="0"/>
  <testcase name="Given Common user logged in for Savings Account" classname="| -500.00 | 1000 | 500.00 | 0.00 |" time="0"/>
  <testcase name="And Initial balance in Savings account is -500.00" classname="| -500.00 | 1000 | 500.00 | 0.00 |" time="0.013"/>
  <testcase name="When Deposit money of 1000 dollars in SavingsAccount" classname="| -500.00 | 1000 | 500.00 | 0.00 |" time="0"/>
  <testcase name="Then Check remaining amount 500.00 dollars in SavingsAccount" classname="| -500.00 | 1000 | 500.00 | 0.00 |" time="0.013"/>
  <testcase name="And Check if transaction count of SavingsAccount is greater than 0" classname="| -500.00 | 1000 | 500.00 | 0.00 |" time="0"/>
  <testcase name="And Withdraw money of 0.00 dollars from SavingsAccount" classname="| -500.00 | 1000 | 500.00 | 0.00 |" time="0.004"/>
  <testcase name="Given Common user logged in for Savings Account" classname="| 500.00 | 1000000000000000 | 1000000000000500.00 | 1000000000000500.00 |" time="0"/>
  <testcase name="And Initial balance in Savings account is 500.00" classname="| 500.00 | 1000000000000000 | 1000000000000500.00 | 1000000000000500.00 |" time="0"/>
  <testcase name="When Deposit money of 1000000000000000 dollars in SavingsAccount" classname="| 500.00 | 1000000000000000 | 1000000000000500.00 | 1000000000000500.00 |" time="0"/>
  <testcase name="Then Check remaining amount 1000000000000500.00 dollars in SavingsAccount" classname="| 500.00 | 1000000000000000 | 1000000000000500.00 | 1000000000000500.00 |" time="0"/>
  <testcase name="And Check if transaction count of SavingsAccount is greater than 0" classname="| 500.00 | 1000000000000000 | 1000000000000500.00 | 1000000000000500.00 |" time="0"/>
  <testcase name="And Withdraw money of 1000000000000500.00 dollars from SavingsAccount" classname="| 500.00 | 1000000000000000 | 1000000000000500.00 | 1000000000000500.00 |" time="0.001"/>
  <testcase name="Given Common user logged in for account transfer" classname="| 0.00 | 0.00 | 1000 | 500 | 500.00 | 500.00 |" time="0"/>
  <testcase name="And Initial balance in Savings account is 0.00" classname="| 0.00 | 0.00 | 1000 | 500 | 500.00 | 500.00 |" time="0"/>
  <testcase name="And Initial balance in Checkings account is 0.00" classname="| 0.00 | 0.00 | 1000 | 500 | 500.00 | 500.00 |" time="0.001"/>
  <testcase name="When Deposit money of 1000 dollars in SavingsAccount" classname="| 0.00 | 0.00 | 1000 | 500 | 500.00 | 500.00 |" time="0.005"/>
  <testcase name="And Transfer money of 500 from Savings to Checkings account" classname="| 0.00 | 0.00 | 1000 | 500 | 500.00 | 500.00 |" time="0"/>
  <testcase name="Then Check remaining amount 500.00 dollars in SavingsAccount" classname="| 0.00 | 0.00 | 1000 | 500 | 500.00 | 500.00 |" time="0.001"/>
  <testcase name="And Check remaining amount 500.00 dollars in CheckingsAccount" classname="| 0.00 | 0.00 | 1000 | 500 | 500.00 | 500.00 |" time="0.001"/>
  <testcase name="| 0.00 | 0.00 | 1000 | 500 | 500.00 | 500.00 |" classname="| 0.00 | 0.00 | 1000 | 500 | 500.00 | 500.00 |" time="0.002"/>
  <testcase name="Given User registered with details Ravi, Kalla, 1111111111, ravi@ravi.com, ravi and ravi" classname="| Ravi | Kalla | 1111111111 | ravi@ravi.com | ravi | ravi |" time="0"/>
  <testcase name="When User logged in after registration with ravi and ravi" classname="| Ravi | Kalla | 1111111111 | ravi@ravi.com | ravi | ravi |" time="0"/>
  <testcase name="Then Check if user details Ravi, Kalla, 1111111111, ravi@ravi.com, ravi and ravi are properly stored in DB" classname="| Ravi | Kalla | 1111111111 | ravi@ravi.com | ravi | ravi |" time="0"/>
  <testcase name="| Ravi | Kalla | 1111111111 | ravi@ravi.com | ravi | ravi |" classname="| Ravi | Kalla | 1111111111 | ravi@ravi.com | ravi | ravi |" time="0.001"/>
  <testcase name="Given User registered with details Raj, Kumar, 2222222222, raj@raj.com, Raj and Raj" classname="| Raj | Kumar | 2222222222 | raj@raj.com | Raj | Raj |" time="0"/>
  <testcase name="When User logged in after registration with Raj and Raj" classname="| Raj | Kumar | 2222222222 | raj@raj.com | Raj | Raj |" time="0"/>
  <testcase name="Then Check if user details Raj, Kumar, 2222222222, raj@raj.com, Raj and Raj are properly stored in DB" classname="| Raj | Kumar | 2222222222 | raj@raj.com | Raj | Raj |" time="0.001"/>
  <testcase name="| Raj | Kumar | 2222222222 | raj@raj.com | Raj | Raj |" classname="| Raj | Kumar | 2222222222 | raj@raj.com | Raj | Raj |" time="0.002"/>
  <testcase name="Given User registered with details Matt, Damon, 3333333333, matt@matt.com, Matt and Matt" classname="| Matt | Damon | 3333333333 | matt@matt.com | Matt | Matt |" time="0"/>
  <testcase name="When User logged in after registration with Matt and Matt" classname="| Matt | Damon | 3333333333 | matt@matt.com | Matt | Matt |" time="0.001"/>
  <testcase name="Then Check if user details Matt, Damon, 3333333333, matt@matt.com, Matt and Matt are properly stored in DB" classname="| Matt | Damon | 3333333333 | matt@matt.com | Matt | Matt |" time="0"/>
  <testcase name="| Matt | Damon | 3333333333 | matt@matt.com | Matt | Matt |" classname="| Matt | Damon | 3333333333 | matt@matt.com | Matt | Matt |" time="0.002"/>
</testsuite>